{"/Users/22060947/Documents/Private/App/yoRipe/src/Components/CardComponent/Card.Component.styles.tsx": {"path":"/Users/22060947/Documents/Private/App/yoRipe/src/Components/CardComponent/Card.Component.styles.tsx","statementMap":{"0":{"start":{"line":5,"column":15},"end":{"line":29,"column":2}}},"fnMap":{},"branchMap":{},"s":{"0":1},"f":{},"b":{},"_coverageSchema":"1a1c01bbd47fc00a2c39e90264f33305004495a9","hash":"127f6d42dcae20a42b0d49a8efa950486e73d01f"}
,"/Users/22060947/Documents/Private/App/yoRipe/src/Components/CardComponent/Card.Component.tsx": {"path":"/Users/22060947/Documents/Private/App/yoRipe/src/Components/CardComponent/Card.Component.tsx","statementMap":{"0":{"start":{"line":9,"column":21},"end":{"line":14,"column":1}},"1":{"start":{"line":10,"column":24},"end":{"line":10,"column":36}},"2":{"start":{"line":11,"column":4},"end":{"line":13,"column":17}},"3":{"start":{"line":16,"column":27},"end":{"line":18,"column":1}},"4":{"start":{"line":17,"column":4},"end":{"line":17,"column":81}},"5":{"start":{"line":20,"column":20},"end":{"line":30,"column":1}},"6":{"start":{"line":21,"column":4},"end":{"line":29,"column":11}},"7":{"start":{"line":32,"column":26},"end":{"line":44,"column":1}},"8":{"start":{"line":33,"column":4},"end":{"line":43,"column":23}},"9":{"start":{"line":46,"column":24},"end":{"line":58,"column":1}},"10":{"start":{"line":47,"column":4},"end":{"line":57,"column":23}},"11":{"start":{"line":60,"column":21},"end":{"line":65,"column":1}},"12":{"start":{"line":61,"column":4},"end":{"line":64,"column":11}},"13":{"start":{"line":67,"column":22},"end":{"line":75,"column":1}},"14":{"start":{"line":68,"column":4},"end":{"line":74,"column":6}},"15":{"start":{"line":77,"column":23},"end":{"line":82,"column":1}},"16":{"start":{"line":78,"column":4},"end":{"line":81,"column":11}},"17":{"start":{"line":84,"column":39},"end":{"line":89,"column":1}},"18":{"start":{"line":85,"column":4},"end":{"line":88,"column":11}}},"fnMap":{"0":{"name":"(anonymous_0)","decl":{"start":{"line":9,"column":21},"end":{"line":9,"column":22}},"loc":{"start":{"line":9,"column":65},"end":{"line":14,"column":1}},"line":9},"1":{"name":"(anonymous_1)","decl":{"start":{"line":16,"column":27},"end":{"line":16,"column":28}},"loc":{"start":{"line":16,"column":62},"end":{"line":18,"column":1}},"line":16},"2":{"name":"(anonymous_2)","decl":{"start":{"line":20,"column":20},"end":{"line":20,"column":21}},"loc":{"start":{"line":21,"column":4},"end":{"line":29,"column":11}},"line":21},"3":{"name":"(anonymous_3)","decl":{"start":{"line":32,"column":26},"end":{"line":32,"column":27}},"loc":{"start":{"line":33,"column":4},"end":{"line":43,"column":23}},"line":33},"4":{"name":"(anonymous_4)","decl":{"start":{"line":46,"column":24},"end":{"line":46,"column":25}},"loc":{"start":{"line":47,"column":4},"end":{"line":57,"column":23}},"line":47},"5":{"name":"(anonymous_5)","decl":{"start":{"line":60,"column":21},"end":{"line":60,"column":22}},"loc":{"start":{"line":61,"column":4},"end":{"line":64,"column":11}},"line":61},"6":{"name":"(anonymous_6)","decl":{"start":{"line":67,"column":22},"end":{"line":67,"column":23}},"loc":{"start":{"line":68,"column":4},"end":{"line":74,"column":6}},"line":68},"7":{"name":"(anonymous_7)","decl":{"start":{"line":77,"column":23},"end":{"line":77,"column":24}},"loc":{"start":{"line":78,"column":4},"end":{"line":81,"column":11}},"line":78},"8":{"name":"(anonymous_8)","decl":{"start":{"line":84,"column":39},"end":{"line":84,"column":40}},"loc":{"start":{"line":85,"column":4},"end":{"line":88,"column":11}},"line":85}},"branchMap":{"0":{"loc":{"start":{"line":10,"column":24},"end":{"line":10,"column":36}},"type":"binary-expr","locations":[{"start":{"line":10,"column":24},"end":{"line":10,"column":29}},{"start":{"line":10,"column":33},"end":{"line":10,"column":36}}],"line":10},"1":{"loc":{"start":{"line":11,"column":11},"end":{"line":13,"column":16}},"type":"cond-expr","locations":[{"start":{"line":12,"column":10},"end":{"line":12,"column":54}},{"start":{"line":13,"column":10},"end":{"line":13,"column":16}}],"line":11},"2":{"loc":{"start":{"line":86,"column":9},"end":{"line":86,"column":66}},"type":"binary-expr","locations":[{"start":{"line":86,"column":9},"end":{"line":86,"column":23}},{"start":{"line":86,"column":27},"end":{"line":86,"column":66}}],"line":86}},"s":{"0":1,"1":5,"2":5,"3":1,"4":5,"5":1,"6":5,"7":1,"8":5,"9":1,"10":5,"11":1,"12":5,"13":1,"14":1,"15":1,"16":5,"17":1,"18":5},"f":{"0":5,"1":5,"2":5,"3":5,"4":5,"5":5,"6":1,"7":5,"8":5},"b":{"0":[5,0],"1":[0,5],"2":[5,1]},"_coverageSchema":"1a1c01bbd47fc00a2c39e90264f33305004495a9","hash":"9ea48b31dc7ac23e325fd048043ac098b0098ef5"}
,"/Users/22060947/Documents/Private/App/yoRipe/src/Components/OptionsMenu/OptionsMenu.Component.Styles.tsx": {"path":"/Users/22060947/Documents/Private/App/yoRipe/src/Components/OptionsMenu/OptionsMenu.Component.Styles.tsx","statementMap":{"0":{"start":{"line":6,"column":21},"end":{"line":28,"column":2}}},"fnMap":{},"branchMap":{},"s":{"0":2},"f":{},"b":{},"_coverageSchema":"1a1c01bbd47fc00a2c39e90264f33305004495a9","hash":"03f88794ac304e72bcfad108c57efc01598f62a6"}
,"/Users/22060947/Documents/Private/App/yoRipe/src/Components/OptionsMenu/OptionsMenu.Component.tsx": {"path":"/Users/22060947/Documents/Private/App/yoRipe/src/Components/OptionsMenu/OptionsMenu.Component.tsx","statementMap":{"0":{"start":{"line":9,"column":24},"end":{"line":16,"column":6}},"1":{"start":{"line":10,"column":4},"end":{"line":16,"column":6}},"2":{"start":{"line":11,"column":8},"end":{"line":15,"column":25}},"3":{"start":{"line":12,"column":45},"end":{"line":12,"column":63}},"4":{"start":{"line":18,"column":20},"end":{"line":27,"column":1}},"5":{"start":{"line":19,"column":4},"end":{"line":26,"column":22}},"6":{"start":{"line":31,"column":0},"end":{"line":33,"column":2}}},"fnMap":{"0":{"name":"(anonymous_0)","decl":{"start":{"line":9,"column":24},"end":{"line":9,"column":25}},"loc":{"start":{"line":10,"column":4},"end":{"line":16,"column":6}},"line":10},"1":{"name":"(anonymous_1)","decl":{"start":{"line":10,"column":19},"end":{"line":10,"column":20}},"loc":{"start":{"line":11,"column":8},"end":{"line":15,"column":25}},"line":11},"2":{"name":"(anonymous_2)","decl":{"start":{"line":12,"column":39},"end":{"line":12,"column":40}},"loc":{"start":{"line":12,"column":45},"end":{"line":12,"column":63}},"line":12},"3":{"name":"(anonymous_3)","decl":{"start":{"line":18,"column":20},"end":{"line":18,"column":21}},"loc":{"start":{"line":19,"column":4},"end":{"line":26,"column":22}},"line":19}},"branchMap":{"0":{"loc":{"start":{"line":22,"column":19},"end":{"line":22,"column":70}},"type":"cond-expr","locations":[{"start":{"line":22,"column":34},"end":{"line":22,"column":50}},{"start":{"line":22,"column":53},"end":{"line":22,"column":70}}],"line":22}},"s":{"0":2,"1":1,"2":2,"3":0,"4":2,"5":1,"6":2},"f":{"0":1,"1":2,"2":0,"3":1},"b":{"0":[1,0]},"_coverageSchema":"1a1c01bbd47fc00a2c39e90264f33305004495a9","hash":"a3d0c7d820758be34bbe412cd0b97528ca7844f6"}
,"/Users/22060947/Documents/Private/App/yoRipe/src/Components/TopBarNavigation/TopBarNavigation.Component.tsx": {"path":"/Users/22060947/Documents/Private/App/yoRipe/src/Components/TopBarNavigation/TopBarNavigation.Component.tsx","statementMap":{"0":{"start":{"line":14,"column":27},"end":{"line":24,"column":1}},"1":{"start":{"line":15,"column":4},"end":{"line":23,"column":22}},"2":{"start":{"line":19,"column":33},"end":{"line":19,"column":65}},"3":{"start":{"line":26,"column":24},"end":{"line":34,"column":1}},"4":{"start":{"line":27,"column":4},"end":{"line":33,"column":23}},"5":{"start":{"line":36,"column":27},"end":{"line":50,"column":1}},"6":{"start":{"line":37,"column":4},"end":{"line":49,"column":21}},"7":{"start":{"line":40,"column":27},"end":{"line":40,"column":53}},"8":{"start":{"line":52,"column":25},"end":{"line":59,"column":1}},"9":{"start":{"line":53,"column":4},"end":{"line":58,"column":6}},"10":{"start":{"line":61,"column":24},"end":{"line":68,"column":1}},"11":{"start":{"line":62,"column":4},"end":{"line":67,"column":6}},"12":{"start":{"line":70,"column":29},"end":{"line":75,"column":1}},"13":{"start":{"line":71,"column":4},"end":{"line":74,"column":11}},"14":{"start":{"line":77,"column":28},"end":{"line":83,"column":1}},"15":{"start":{"line":78,"column":4},"end":{"line":82,"column":6}},"16":{"start":{"line":85,"column":25},"end":{"line":95,"column":1}},"17":{"start":{"line":86,"column":40},"end":{"line":86,"column":68}},"18":{"start":{"line":88,"column":4},"end":{"line":94,"column":6}},"19":{"start":{"line":99,"column":0},"end":{"line":104,"column":2}}},"fnMap":{"0":{"name":"(anonymous_0)","decl":{"start":{"line":14,"column":27},"end":{"line":14,"column":28}},"loc":{"start":{"line":15,"column":4},"end":{"line":23,"column":22}},"line":15},"1":{"name":"(anonymous_1)","decl":{"start":{"line":19,"column":24},"end":{"line":19,"column":25}},"loc":{"start":{"line":19,"column":33},"end":{"line":19,"column":65}},"line":19},"2":{"name":"(anonymous_2)","decl":{"start":{"line":26,"column":24},"end":{"line":26,"column":25}},"loc":{"start":{"line":27,"column":4},"end":{"line":33,"column":23}},"line":27},"3":{"name":"(anonymous_3)","decl":{"start":{"line":36,"column":27},"end":{"line":36,"column":28}},"loc":{"start":{"line":37,"column":4},"end":{"line":49,"column":21}},"line":37},"4":{"name":"(anonymous_4)","decl":{"start":{"line":40,"column":21},"end":{"line":40,"column":22}},"loc":{"start":{"line":40,"column":27},"end":{"line":40,"column":53}},"line":40},"5":{"name":"(anonymous_5)","decl":{"start":{"line":52,"column":25},"end":{"line":52,"column":26}},"loc":{"start":{"line":52,"column":72},"end":{"line":59,"column":1}},"line":52},"6":{"name":"(anonymous_6)","decl":{"start":{"line":61,"column":24},"end":{"line":61,"column":25}},"loc":{"start":{"line":61,"column":71},"end":{"line":68,"column":1}},"line":61},"7":{"name":"(anonymous_7)","decl":{"start":{"line":70,"column":29},"end":{"line":70,"column":30}},"loc":{"start":{"line":71,"column":4},"end":{"line":74,"column":11}},"line":71},"8":{"name":"(anonymous_8)","decl":{"start":{"line":77,"column":28},"end":{"line":77,"column":29}},"loc":{"start":{"line":78,"column":4},"end":{"line":82,"column":6}},"line":78},"9":{"name":"(anonymous_9)","decl":{"start":{"line":85,"column":25},"end":{"line":85,"column":26}},"loc":{"start":{"line":85,"column":43},"end":{"line":95,"column":1}},"line":85}},"branchMap":{"0":{"loc":{"start":{"line":16,"column":9},"end":{"line":22,"column":9}},"type":"binary-expr","locations":[{"start":{"line":16,"column":9},"end":{"line":16,"column":34}},{"start":{"line":17,"column":12},"end":{"line":21,"column":14}}],"line":16},"1":{"loc":{"start":{"line":56,"column":13},"end":{"line":56,"column":66}},"type":"binary-expr","locations":[{"start":{"line":56,"column":13},"end":{"line":56,"column":30}},{"start":{"line":56,"column":34},"end":{"line":56,"column":66}}],"line":56},"2":{"loc":{"start":{"line":64,"column":13},"end":{"line":64,"column":60}},"type":"binary-expr","locations":[{"start":{"line":64,"column":13},"end":{"line":64,"column":27}},{"start":{"line":64,"column":31},"end":{"line":64,"column":60}}],"line":64},"3":{"loc":{"start":{"line":90,"column":13},"end":{"line":92,"column":52}},"type":"cond-expr","locations":[{"start":{"line":91,"column":18},"end":{"line":91,"column":51}},{"start":{"line":92,"column":18},"end":{"line":92,"column":52}}],"line":90}},"s":{"0":1,"1":4,"2":0,"3":1,"4":4,"5":1,"6":4,"7":0,"8":1,"9":4,"10":1,"11":4,"12":1,"13":4,"14":1,"15":1,"16":1,"17":6,"18":5,"19":1},"f":{"0":4,"1":0,"2":4,"3":4,"4":0,"5":4,"6":4,"7":4,"8":1,"9":6},"b":{"0":[4,0],"1":[4,4],"2":[4,4],"3":[1,4]},"_coverageSchema":"1a1c01bbd47fc00a2c39e90264f33305004495a9","hash":"f8d833837ce4b4dbed7cd6a97fff054cbea4a974"}
,"/Users/22060947/Documents/Private/App/yoRipe/src/Components/TopBarNavigation/TopBarNavigation.Hooks.tsx": {"path":"/Users/22060947/Documents/Private/App/yoRipe/src/Components/TopBarNavigation/TopBarNavigation.Hooks.tsx","statementMap":{"0":{"start":{"line":5,"column":30},"end":{"line":44,"column":1}},"1":{"start":{"line":6,"column":30},"end":{"line":9,"column":6}},"2":{"start":{"line":11,"column":31},"end":{"line":14,"column":9}},"3":{"start":{"line":12,"column":8},"end":{"line":14,"column":9}},"4":{"start":{"line":13,"column":30},"end":{"line":13,"column":77}},"5":{"start":{"line":16,"column":24},"end":{"line":23,"column":5}},"6":{"start":{"line":17,"column":8},"end":{"line":21,"column":12}},"7":{"start":{"line":17,"column":28},"end":{"line":21,"column":9}},"8":{"start":{"line":22,"column":8},"end":{"line":22,"column":46}},"9":{"start":{"line":22,"column":25},"end":{"line":22,"column":39}},"10":{"start":{"line":25,"column":29},"end":{"line":25,"column":39}},"11":{"start":{"line":25,"column":35},"end":{"line":25,"column":39}},"12":{"start":{"line":26,"column":26},"end":{"line":26,"column":36}},"13":{"start":{"line":26,"column":32},"end":{"line":26,"column":36}},"14":{"start":{"line":27,"column":27},"end":{"line":27,"column":37}},"15":{"start":{"line":27,"column":33},"end":{"line":27,"column":37}},"16":{"start":{"line":28,"column":34},"end":{"line":29,"column":72}},"17":{"start":{"line":29,"column":8},"end":{"line":29,"column":72}},"18":{"start":{"line":29,"column":35},"end":{"line":29,"column":70}},"19":{"start":{"line":31,"column":4},"end":{"line":33,"column":32}},"20":{"start":{"line":32,"column":8},"end":{"line":32,"column":53}},"21":{"start":{"line":35,"column":4},"end":{"line":43,"column":6}}},"fnMap":{"0":{"name":"(anonymous_0)","decl":{"start":{"line":5,"column":30},"end":{"line":5,"column":31}},"loc":{"start":{"line":5,"column":70},"end":{"line":44,"column":1}},"line":5},"1":{"name":"(anonymous_1)","decl":{"start":{"line":11,"column":31},"end":{"line":11,"column":32}},"loc":{"start":{"line":12,"column":8},"end":{"line":14,"column":9}},"line":12},"2":{"name":"(anonymous_2)","decl":{"start":{"line":13,"column":12},"end":{"line":13,"column":13}},"loc":{"start":{"line":13,"column":30},"end":{"line":13,"column":77}},"line":13},"3":{"name":"(anonymous_3)","decl":{"start":{"line":16,"column":24},"end":{"line":16,"column":25}},"loc":{"start":{"line":16,"column":30},"end":{"line":23,"column":5}},"line":16},"4":{"name":"(anonymous_4)","decl":{"start":{"line":17,"column":17},"end":{"line":17,"column":18}},"loc":{"start":{"line":17,"column":28},"end":{"line":21,"column":9}},"line":17},"5":{"name":"(anonymous_5)","decl":{"start":{"line":22,"column":19},"end":{"line":22,"column":20}},"loc":{"start":{"line":22,"column":25},"end":{"line":22,"column":39}},"line":22},"6":{"name":"(anonymous_6)","decl":{"start":{"line":25,"column":29},"end":{"line":25,"column":30}},"loc":{"start":{"line":25,"column":35},"end":{"line":25,"column":39}},"line":25},"7":{"name":"(anonymous_7)","decl":{"start":{"line":26,"column":26},"end":{"line":26,"column":27}},"loc":{"start":{"line":26,"column":32},"end":{"line":26,"column":36}},"line":26},"8":{"name":"(anonymous_8)","decl":{"start":{"line":27,"column":27},"end":{"line":27,"column":28}},"loc":{"start":{"line":27,"column":33},"end":{"line":27,"column":37}},"line":27},"9":{"name":"(anonymous_9)","decl":{"start":{"line":28,"column":34},"end":{"line":28,"column":35}},"loc":{"start":{"line":29,"column":8},"end":{"line":29,"column":72}},"line":29},"10":{"name":"(anonymous_10)","decl":{"start":{"line":29,"column":17},"end":{"line":29,"column":18}},"loc":{"start":{"line":29,"column":35},"end":{"line":29,"column":70}},"line":29},"11":{"name":"(anonymous_11)","decl":{"start":{"line":31,"column":20},"end":{"line":31,"column":21}},"loc":{"start":{"line":31,"column":26},"end":{"line":33,"column":5}},"line":31}},"branchMap":{},"s":{"0":2,"1":14,"2":13,"3":1,"4":1,"5":13,"6":1,"7":1,"8":1,"9":1,"10":13,"11":0,"12":13,"13":0,"14":13,"15":0,"16":13,"17":2,"18":2,"19":13,"20":12,"21":13},"f":{"0":14,"1":1,"2":1,"3":1,"4":1,"5":1,"6":0,"7":0,"8":0,"9":2,"10":2,"11":12},"b":{},"_coverageSchema":"1a1c01bbd47fc00a2c39e90264f33305004495a9","hash":"1d9204a6144ef71e4c667e2be96e6e44ec505fc2"}
,"/Users/22060947/Documents/Private/App/yoRipe/src/Components/TopBarNavigation/TopBarNavigation.Styles.tsx": {"path":"/Users/22060947/Documents/Private/App/yoRipe/src/Components/TopBarNavigation/TopBarNavigation.Styles.tsx","statementMap":{"0":{"start":{"line":9,"column":22},"end":{"line":61,"column":2}}},"fnMap":{},"branchMap":{},"s":{"0":1},"f":{},"b":{},"_coverageSchema":"1a1c01bbd47fc00a2c39e90264f33305004495a9","hash":"22b5d5e4a9942309735321de9fbef83ece2d58da"}
,"/Users/22060947/Documents/Private/App/yoRipe/src/Components/TopBarNavigation/SearchingBar/SearchingBar.Component.Styles.tsx": {"path":"/Users/22060947/Documents/Private/App/yoRipe/src/Components/TopBarNavigation/SearchingBar/SearchingBar.Component.Styles.tsx","statementMap":{"0":{"start":{"line":6,"column":22},"end":{"line":22,"column":2}}},"fnMap":{},"branchMap":{},"s":{"0":3},"f":{},"b":{},"_coverageSchema":"1a1c01bbd47fc00a2c39e90264f33305004495a9","hash":"fb0eb4c81d9e598d6df140df98fe4b139c27e2aa"}
,"/Users/22060947/Documents/Private/App/yoRipe/src/Components/TopBarNavigation/SearchingBar/SearchingBar.Component.tsx": {"path":"/Users/22060947/Documents/Private/App/yoRipe/src/Components/TopBarNavigation/SearchingBar/SearchingBar.Component.tsx","statementMap":{"0":{"start":{"line":11,"column":21},"end":{"line":21,"column":1}},"1":{"start":{"line":12,"column":4},"end":{"line":20,"column":11}},"2":{"start":{"line":17,"column":33},"end":{"line":17,"column":50}},"3":{"start":{"line":23,"column":24},"end":{"line":35,"column":1}},"4":{"start":{"line":24,"column":4},"end":{"line":34,"column":23}},"5":{"start":{"line":37,"column":25},"end":{"line":60,"column":1}},"6":{"start":{"line":38,"column":4},"end":{"line":59,"column":11}},"7":{"start":{"line":62,"column":24},"end":{"line":73,"column":1}},"8":{"start":{"line":63,"column":4},"end":{"line":72,"column":11}},"9":{"start":{"line":75,"column":21},"end":{"line":86,"column":1}},"10":{"start":{"line":76,"column":4},"end":{"line":85,"column":6}}},"fnMap":{"0":{"name":"(anonymous_0)","decl":{"start":{"line":11,"column":21},"end":{"line":11,"column":22}},"loc":{"start":{"line":12,"column":4},"end":{"line":20,"column":11}},"line":12},"1":{"name":"(anonymous_1)","decl":{"start":{"line":17,"column":26},"end":{"line":17,"column":27}},"loc":{"start":{"line":17,"column":33},"end":{"line":17,"column":50}},"line":17},"2":{"name":"(anonymous_2)","decl":{"start":{"line":23,"column":24},"end":{"line":23,"column":25}},"loc":{"start":{"line":24,"column":4},"end":{"line":34,"column":23}},"line":24},"3":{"name":"(anonymous_3)","decl":{"start":{"line":37,"column":25},"end":{"line":37,"column":26}},"loc":{"start":{"line":38,"column":4},"end":{"line":59,"column":11}},"line":38},"4":{"name":"(anonymous_4)","decl":{"start":{"line":62,"column":24},"end":{"line":62,"column":25}},"loc":{"start":{"line":63,"column":4},"end":{"line":72,"column":11}},"line":63},"5":{"name":"(anonymous_5)","decl":{"start":{"line":75,"column":21},"end":{"line":75,"column":22}},"loc":{"start":{"line":75,"column":39},"end":{"line":86,"column":1}},"line":75}},"branchMap":{},"s":{"0":3,"1":4,"2":1,"3":3,"4":6,"5":3,"6":4,"7":3,"8":6,"9":3,"10":6},"f":{"0":4,"1":1,"2":6,"3":4,"4":6,"5":6},"b":{},"_coverageSchema":"1a1c01bbd47fc00a2c39e90264f33305004495a9","hash":"0b5e0c1d2581e9250f502f44c6791011b9da79e8"}
,"/Users/22060947/Documents/Private/App/yoRipe/src/Constants/Constants.ts": {"path":"/Users/22060947/Documents/Private/App/yoRipe/src/Constants/Constants.ts","statementMap":{"0":{"start":{"line":1,"column":15},"end":{"line":18,"column":1}},"1":{"start":{"line":20,"column":17},"end":{"line":24,"column":1}},"2":{"start":{"line":26,"column":23},"end":{"line":29,"column":1}},"3":{"start":{"line":31,"column":18},"end":{"line":35,"column":1}}},"fnMap":{},"branchMap":{},"s":{"0":6,"1":6,"2":6,"3":6},"f":{},"b":{},"_coverageSchema":"1a1c01bbd47fc00a2c39e90264f33305004495a9","hash":"90ec8b035b9f288dbb072f8f714082c839e8137f"}
,"/Users/22060947/Documents/Private/App/yoRipe/src/Containers/ChatList/ChatList.Utils.tsx": {"path":"/Users/22060947/Documents/Private/App/yoRipe/src/Containers/ChatList/ChatList.Utils.tsx","statementMap":{"0":{"start":{"line":14,"column":27},"end":{"line":19,"column":1}},"1":{"start":{"line":15,"column":23},"end":{"line":15,"column":42}},"2":{"start":{"line":16,"column":26},"end":{"line":16,"column":60}},"3":{"start":{"line":18,"column":4},"end":{"line":18,"column":25}},"4":{"start":{"line":21,"column":29},"end":{"line":28,"column":2}},"5":{"start":{"line":21,"column":46},"end":{"line":28,"column":1}},"6":{"start":{"line":30,"column":34},"end":{"line":41,"column":1}},"7":{"start":{"line":31,"column":16},"end":{"line":31,"column":69}},"8":{"start":{"line":33,"column":4},"end":{"line":40,"column":6}},"9":{"start":{"line":43,"column":32},"end":{"line":51,"column":1}},"10":{"start":{"line":44,"column":16},"end":{"line":44,"column":18}},"11":{"start":{"line":46,"column":4},"end":{"line":48,"column":5}},"12":{"start":{"line":46,"column":17},"end":{"line":46,"column":18}},"13":{"start":{"line":47,"column":8},"end":{"line":47,"column":34}},"14":{"start":{"line":50,"column":4},"end":{"line":50,"column":15}}},"fnMap":{"0":{"name":"(anonymous_0)","decl":{"start":{"line":14,"column":27},"end":{"line":14,"column":28}},"loc":{"start":{"line":14,"column":41},"end":{"line":19,"column":1}},"line":14},"1":{"name":"(anonymous_1)","decl":{"start":{"line":21,"column":29},"end":{"line":21,"column":30}},"loc":{"start":{"line":21,"column":46},"end":{"line":28,"column":1}},"line":21},"2":{"name":"(anonymous_2)","decl":{"start":{"line":30,"column":34},"end":{"line":30,"column":35}},"loc":{"start":{"line":30,"column":54},"end":{"line":41,"column":1}},"line":30},"3":{"name":"(anonymous_3)","decl":{"start":{"line":43,"column":32},"end":{"line":43,"column":33}},"loc":{"start":{"line":43,"column":50},"end":{"line":51,"column":1}},"line":43}},"branchMap":{"0":{"loc":{"start":{"line":31,"column":16},"end":{"line":31,"column":69}},"type":"cond-expr","locations":[{"start":{"line":31,"column":38},"end":{"line":31,"column":40}},{"start":{"line":31,"column":43},"end":{"line":31,"column":69}}],"line":31}},"s":{"0":1,"1":302,"2":302,"3":302,"4":1,"5":301,"6":1,"7":1,"8":1,"9":1,"10":2,"11":2,"12":2,"13":300,"14":2},"f":{"0":302,"1":301,"2":1,"3":2},"b":{"0":[0,1]},"_coverageSchema":"1a1c01bbd47fc00a2c39e90264f33305004495a9","hash":"281eef539f99995f432be98d2f0f75c3169aff8d"}
,"/Users/22060947/Documents/Private/App/yoRipe/src/Containers/ChatRoom/Header/Header.Component.Styles.tsx": {"path":"/Users/22060947/Documents/Private/App/yoRipe/src/Containers/ChatRoom/Header/Header.Component.Styles.tsx","statementMap":{"0":{"start":{"line":10,"column":22},"end":{"line":56,"column":2}}},"fnMap":{},"branchMap":{},"s":{"0":1},"f":{},"b":{},"_coverageSchema":"1a1c01bbd47fc00a2c39e90264f33305004495a9","hash":"6af571c1f1d36cdd57ab459c4d3a328e14ad4eda"}
,"/Users/22060947/Documents/Private/App/yoRipe/src/Containers/ChatRoom/Header/Header.Component.tsx": {"path":"/Users/22060947/Documents/Private/App/yoRipe/src/Containers/ChatRoom/Header/Header.Component.tsx","statementMap":{"0":{"start":{"line":15,"column":24},"end":{"line":23,"column":1}},"1":{"start":{"line":16,"column":4},"end":{"line":22,"column":23}},"2":{"start":{"line":16,"column":57},"end":{"line":16,"column":76}},"3":{"start":{"line":30,"column":25},"end":{"line":38,"column":1}},"4":{"start":{"line":31,"column":4},"end":{"line":37,"column":23}},"5":{"start":{"line":31,"column":57},"end":{"line":31,"column":77}},"6":{"start":{"line":45,"column":20},"end":{"line":50,"column":1}},"7":{"start":{"line":46,"column":4},"end":{"line":49,"column":11}},"8":{"start":{"line":58,"column":23},"end":{"line":73,"column":1}},"9":{"start":{"line":62,"column":23},"end":{"line":62,"column":34}},"10":{"start":{"line":64,"column":4},"end":{"line":72,"column":6}},"11":{"start":{"line":80,"column":28},"end":{"line":85,"column":1}},"12":{"start":{"line":81,"column":4},"end":{"line":84,"column":11}},"13":{"start":{"line":94,"column":27},"end":{"line":99,"column":1}},"14":{"start":{"line":98,"column":4},"end":{"line":98,"column":74}}},"fnMap":{"0":{"name":"(anonymous_0)","decl":{"start":{"line":15,"column":24},"end":{"line":15,"column":25}},"loc":{"start":{"line":16,"column":4},"end":{"line":22,"column":23}},"line":16},"1":{"name":"(anonymous_1)","decl":{"start":{"line":16,"column":51},"end":{"line":16,"column":52}},"loc":{"start":{"line":16,"column":57},"end":{"line":16,"column":76}},"line":16},"2":{"name":"(anonymous_2)","decl":{"start":{"line":30,"column":25},"end":{"line":30,"column":26}},"loc":{"start":{"line":31,"column":4},"end":{"line":37,"column":23}},"line":31},"3":{"name":"(anonymous_3)","decl":{"start":{"line":31,"column":51},"end":{"line":31,"column":52}},"loc":{"start":{"line":31,"column":57},"end":{"line":31,"column":77}},"line":31},"4":{"name":"(anonymous_4)","decl":{"start":{"line":45,"column":20},"end":{"line":45,"column":21}},"loc":{"start":{"line":46,"column":4},"end":{"line":49,"column":11}},"line":46},"5":{"name":"(anonymous_5)","decl":{"start":{"line":58,"column":23},"end":{"line":58,"column":24}},"loc":{"start":{"line":61,"column":22},"end":{"line":73,"column":1}},"line":61},"6":{"name":"(anonymous_6)","decl":{"start":{"line":80,"column":28},"end":{"line":80,"column":29}},"loc":{"start":{"line":81,"column":4},"end":{"line":84,"column":11}},"line":81},"7":{"name":"(anonymous_7)","decl":{"start":{"line":94,"column":27},"end":{"line":94,"column":28}},"loc":{"start":{"line":98,"column":4},"end":{"line":98,"column":74}},"line":98}},"branchMap":{},"s":{"0":1,"1":1,"2":0,"3":1,"4":1,"5":0,"6":1,"7":1,"8":1,"9":1,"10":1,"11":1,"12":1,"13":1,"14":1},"f":{"0":1,"1":0,"2":1,"3":0,"4":1,"5":1,"6":1,"7":1},"b":{},"_coverageSchema":"1a1c01bbd47fc00a2c39e90264f33305004495a9","hash":"65f9315ab36e3ec5143b8dbcefc4189141ec6267"}
,"/Users/22060947/Documents/Private/App/yoRipe/src/Redux/Slice/Notes/Notes.slice.ts": {"path":"/Users/22060947/Documents/Private/App/yoRipe/src/Redux/Slice/Notes/Notes.slice.ts","statementMap":{"0":{"start":{"line":14,"column":42},"end":{"line":16,"column":1}},"1":{"start":{"line":18,"column":19},"end":{"line":38,"column":2}},"2":{"start":{"line":23,"column":3},"end":{"line":23,"column":36}},"3":{"start":{"line":26,"column":38},"end":{"line":26,"column":52}},"4":{"start":{"line":27,"column":22},"end":{"line":27,"column":62}},"5":{"start":{"line":27,"column":47},"end":{"line":27,"column":61}},"6":{"start":{"line":28,"column":3},"end":{"line":31,"column":4}},"7":{"start":{"line":29,"column":4},"end":{"line":29,"column":41}},"8":{"start":{"line":30,"column":4},"end":{"line":30,"column":29}},"9":{"start":{"line":34,"column":22},"end":{"line":34,"column":36}},"10":{"start":{"line":35,"column":3},"end":{"line":35,"column":68}},"11":{"start":{"line":35,"column":44},"end":{"line":35,"column":66}},"12":{"start":{"line":40,"column":52},"end":{"line":40,"column":70}}},"fnMap":{"0":{"name":"(anonymous_0)","decl":{"start":{"line":22,"column":12},"end":{"line":22,"column":13}},"loc":{"start":{"line":22,"column":31},"end":{"line":24,"column":3}},"line":22},"1":{"name":"(anonymous_1)","decl":{"start":{"line":25,"column":13},"end":{"line":25,"column":14}},"loc":{"start":{"line":25,"column":32},"end":{"line":32,"column":3}},"line":25},"2":{"name":"(anonymous_2)","decl":{"start":{"line":27,"column":39},"end":{"line":27,"column":40}},"loc":{"start":{"line":27,"column":47},"end":{"line":27,"column":61}},"line":27},"3":{"name":"(anonymous_3)","decl":{"start":{"line":33,"column":15},"end":{"line":33,"column":16}},"loc":{"start":{"line":33,"column":34},"end":{"line":36,"column":3}},"line":33},"4":{"name":"(anonymous_4)","decl":{"start":{"line":35,"column":36},"end":{"line":35,"column":37}},"loc":{"start":{"line":35,"column":44},"end":{"line":35,"column":66}},"line":35}},"branchMap":{"0":{"loc":{"start":{"line":28,"column":3},"end":{"line":31,"column":4}},"type":"if","locations":[{"start":{"line":28,"column":3},"end":{"line":31,"column":4}},{"start":{},"end":{}}],"line":28}},"s":{"0":1,"1":1,"2":1,"3":1,"4":1,"5":1,"6":1,"7":1,"8":1,"9":1,"10":1,"11":2,"12":1},"f":{"0":1,"1":1,"2":1,"3":1,"4":2},"b":{"0":[1,0]},"_coverageSchema":"1a1c01bbd47fc00a2c39e90264f33305004495a9","hash":"4f1d3f8b49f68d2b46083aff6a9006ce7a549269"}
,"/Users/22060947/Documents/Private/App/yoRipe/src/Service/Question.Service.tsx": {"path":"/Users/22060947/Documents/Private/App/yoRipe/src/Service/Question.Service.tsx","statementMap":{"0":{"start":{"line":8,"column":12},"end":{"line":8,"column":54}},"1":{"start":{"line":10,"column":34},"end":{"line":15,"column":1}},"2":{"start":{"line":11,"column":23},"end":{"line":11,"column":42}},"3":{"start":{"line":12,"column":26},"end":{"line":12,"column":60}},"4":{"start":{"line":14,"column":4},"end":{"line":14,"column":25}},"5":{"start":{"line":17,"column":32},"end":{"line":41,"column":1}},"6":{"start":{"line":18,"column":32},"end":{"line":18,"column":34}},"7":{"start":{"line":20,"column":4},"end":{"line":38,"column":5}},"8":{"start":{"line":20,"column":17},"end":{"line":20,"column":18}},"9":{"start":{"line":21,"column":29},"end":{"line":27,"column":9}},"10":{"start":{"line":29,"column":28},"end":{"line":35,"column":9}},"11":{"start":{"line":37,"column":8},"end":{"line":37,"column":44}},"12":{"start":{"line":40,"column":4},"end":{"line":40,"column":15}},"13":{"start":{"line":43,"column":31},"end":{"line":55,"column":1}},"14":{"start":{"line":46,"column":4},"end":{"line":46,"column":23}},"15":{"start":{"line":47,"column":4},"end":{"line":54,"column":5}},"16":{"start":{"line":48,"column":25},"end":{"line":48,"column":45}},"17":{"start":{"line":49,"column":8},"end":{"line":49,"column":27}},"18":{"start":{"line":50,"column":8},"end":{"line":50,"column":38}},"19":{"start":{"line":52,"column":8},"end":{"line":52,"column":27}},"20":{"start":{"line":53,"column":8},"end":{"line":53,"column":18}}},"fnMap":{"0":{"name":"(anonymous_0)","decl":{"start":{"line":10,"column":34},"end":{"line":10,"column":35}},"loc":{"start":{"line":10,"column":40},"end":{"line":15,"column":1}},"line":10},"1":{"name":"(anonymous_1)","decl":{"start":{"line":17,"column":32},"end":{"line":17,"column":33}},"loc":{"start":{"line":17,"column":53},"end":{"line":41,"column":1}},"line":17},"2":{"name":"(anonymous_2)","decl":{"start":{"line":43,"column":31},"end":{"line":43,"column":32}},"loc":{"start":{"line":45,"column":35},"end":{"line":55,"column":1}},"line":45}},"branchMap":{},"s":{"0":1,"1":1,"2":9,"3":9,"4":9,"5":1,"6":2,"7":2,"8":2,"9":4,"10":4,"11":4,"12":2,"13":1,"14":3,"15":3,"16":3,"17":1,"18":1,"19":2,"20":2},"f":{"0":9,"1":2,"2":3},"b":{},"_coverageSchema":"1a1c01bbd47fc00a2c39e90264f33305004495a9","hash":"eca688f164502e379f8987536a98711773bb861b"}
,"/Users/22060947/Documents/Private/App/yoRipe/src/Utils/platform.utils.ts": {"path":"/Users/22060947/Documents/Private/App/yoRipe/src/Utils/platform.utils.ts","statementMap":{"0":{"start":{"line":5,"column":25},"end":{"line":5,"column":73}},"1":{"start":{"line":5,"column":31},"end":{"line":5,"column":73}},"2":{"start":{"line":6,"column":21},"end":{"line":6,"column":65}},"3":{"start":{"line":6,"column":27},"end":{"line":6,"column":65}},"4":{"start":{"line":7,"column":21},"end":{"line":7,"column":65}},"5":{"start":{"line":7,"column":27},"end":{"line":7,"column":65}}},"fnMap":{"0":{"name":"(anonymous_0)","decl":{"start":{"line":5,"column":25},"end":{"line":5,"column":26}},"loc":{"start":{"line":5,"column":31},"end":{"line":5,"column":73}},"line":5},"1":{"name":"(anonymous_1)","decl":{"start":{"line":6,"column":21},"end":{"line":6,"column":22}},"loc":{"start":{"line":6,"column":27},"end":{"line":6,"column":65}},"line":6},"2":{"name":"(anonymous_2)","decl":{"start":{"line":7,"column":21},"end":{"line":7,"column":22}},"loc":{"start":{"line":7,"column":27},"end":{"line":7,"column":65}},"line":7}},"branchMap":{},"s":{"0":6,"1":0,"2":6,"3":0,"4":6,"5":6},"f":{"0":0,"1":0,"2":6},"b":{},"_coverageSchema":"1a1c01bbd47fc00a2c39e90264f33305004495a9","hash":"467a1e9b9e547aff036bea1382a72352a18c53e8"}
,"/Users/22060947/Documents/Private/App/yoRipe/src/Utils/Size/size.utils.ts": {"path":"/Users/22060947/Documents/Private/App/yoRipe/src/Utils/Size/size.utils.ts","statementMap":{"0":{"start":{"line":6,"column":26},"end":{"line":6,"column":50}},"1":{"start":{"line":8,"column":13},"end":{"line":13,"column":1}},"2":{"start":{"line":15,"column":19},"end":{"line":18,"column":1}},"3":{"start":{"line":20,"column":20},"end":{"line":20,"column":27}},"4":{"start":{"line":21,"column":30},"end":{"line":23,"column":1}},"5":{"start":{"line":22,"column":1},"end":{"line":22,"column":23}},"6":{"start":{"line":26,"column":25},"end":{"line":26,"column":103}},"7":{"start":{"line":26,"column":34},"end":{"line":26,"column":102}},"8":{"start":{"line":29,"column":26},"end":{"line":29,"column":77}},"9":{"start":{"line":29,"column":32},"end":{"line":29,"column":76}},"10":{"start":{"line":32,"column":27},"end":{"line":32,"column":80}},"11":{"start":{"line":32,"column":33},"end":{"line":32,"column":79}},"12":{"start":{"line":35,"column":25},"end":{"line":35,"column":70}},"13":{"start":{"line":35,"column":38},"end":{"line":35,"column":69}}},"fnMap":{"0":{"name":"(anonymous_0)","decl":{"start":{"line":21,"column":30},"end":{"line":21,"column":31}},"loc":{"start":{"line":21,"column":41},"end":{"line":23,"column":1}},"line":21},"1":{"name":"(anonymous_1)","decl":{"start":{"line":26,"column":25},"end":{"line":26,"column":26}},"loc":{"start":{"line":26,"column":34},"end":{"line":26,"column":102}},"line":26},"2":{"name":"(anonymous_2)","decl":{"start":{"line":29,"column":26},"end":{"line":29,"column":27}},"loc":{"start":{"line":29,"column":32},"end":{"line":29,"column":76}},"line":29},"3":{"name":"(anonymous_3)","decl":{"start":{"line":32,"column":27},"end":{"line":32,"column":28}},"loc":{"start":{"line":32,"column":33},"end":{"line":32,"column":79}},"line":32},"4":{"name":"(anonymous_4)","decl":{"start":{"line":35,"column":25},"end":{"line":35,"column":26}},"loc":{"start":{"line":35,"column":38},"end":{"line":35,"column":69}},"line":35}},"branchMap":{"0":{"loc":{"start":{"line":26,"column":34},"end":{"line":26,"column":102}},"type":"cond-expr","locations":[{"start":{"line":26,"column":50},"end":{"line":26,"column":54}},{"start":{"line":26,"column":57},"end":{"line":26,"column":102}}],"line":26},"1":{"loc":{"start":{"line":29,"column":32},"end":{"line":29,"column":76}},"type":"cond-expr","locations":[{"start":{"line":29,"column":48},"end":{"line":29,"column":49}},{"start":{"line":29,"column":52},"end":{"line":29,"column":76}}],"line":29},"2":{"loc":{"start":{"line":32,"column":33},"end":{"line":32,"column":79}},"type":"cond-expr","locations":[{"start":{"line":32,"column":49},"end":{"line":32,"column":50}},{"start":{"line":32,"column":53},"end":{"line":32,"column":79}}],"line":32}},"s":{"0":7,"1":7,"2":7,"3":7,"4":7,"5":7,"6":7,"7":71,"8":7,"9":12,"10":7,"11":17,"12":7,"13":1},"f":{"0":7,"1":71,"2":12,"3":17,"4":1},"b":{"0":[1,70],"1":[1,11],"2":[1,16]},"_coverageSchema":"1a1c01bbd47fc00a2c39e90264f33305004495a9","hash":"95256f9526efdcc9cc7fe6354d60d09741795951"}
}
