TN:
SF:src/Components/CardComponent/Card.Component.styles.tsx
FNF:0
FNH:0
DA:5,1
LF:1
LH:1
BRF:0
BRH:0
end_of_record
TN:
SF:src/Components/CardComponent/Card.Component.tsx
FN:9,(anonymous_0)
FN:16,(anonymous_1)
FN:20,(anonymous_2)
FN:32,(anonymous_3)
FN:46,(anonymous_4)
FN:60,(anonymous_5)
FN:67,(anonymous_6)
FN:77,(anonymous_7)
FN:84,(anonymous_8)
FNF:9
FNH:9
FNDA:5,(anonymous_0)
FNDA:5,(anonymous_1)
FNDA:5,(anonymous_2)
FNDA:5,(anonymous_3)
FNDA:5,(anonymous_4)
FNDA:5,(anonymous_5)
FNDA:1,(anonymous_6)
FNDA:5,(anonymous_7)
FNDA:5,(anonymous_8)
DA:9,1
DA:10,5
DA:11,5
DA:16,1
DA:17,5
DA:20,1
DA:21,5
DA:32,1
DA:33,5
DA:46,1
DA:47,5
DA:60,1
DA:61,5
DA:67,1
DA:68,1
DA:77,1
DA:78,5
DA:84,1
DA:85,5
LF:19
LH:19
BRDA:10,0,0,5
BRDA:10,0,1,0
BRDA:11,1,0,0
BRDA:11,1,1,5
BRDA:86,2,0,5
BRDA:86,2,1,1
BRF:6
BRH:4
end_of_record
TN:
SF:src/Components/OptionsMenu/OptionsMenu.Component.Styles.tsx
FNF:0
FNH:0
DA:6,2
LF:1
LH:1
BRF:0
BRH:0
end_of_record
TN:
SF:src/Components/OptionsMenu/OptionsMenu.Component.tsx
FN:9,(anonymous_0)
FN:10,(anonymous_1)
FN:12,(anonymous_2)
FN:18,(anonymous_3)
FNF:4
FNH:3
FNDA:1,(anonymous_0)
FNDA:2,(anonymous_1)
FNDA:0,(anonymous_2)
FNDA:1,(anonymous_3)
DA:9,2
DA:10,1
DA:11,2
DA:12,0
DA:18,2
DA:19,1
DA:31,2
LF:7
LH:6
BRDA:22,0,0,1
BRDA:22,0,1,0
BRF:2
BRH:1
end_of_record
TN:
SF:src/Components/TopBarNavigation/TopBarNavigation.Component.tsx
FN:14,(anonymous_0)
FN:19,(anonymous_1)
FN:26,(anonymous_2)
FN:36,(anonymous_3)
FN:40,(anonymous_4)
FN:52,(anonymous_5)
FN:61,(anonymous_6)
FN:70,(anonymous_7)
FN:77,(anonymous_8)
FN:85,(anonymous_9)
FNF:10
FNH:8
FNDA:4,(anonymous_0)
FNDA:0,(anonymous_1)
FNDA:4,(anonymous_2)
FNDA:4,(anonymous_3)
FNDA:0,(anonymous_4)
FNDA:4,(anonymous_5)
FNDA:4,(anonymous_6)
FNDA:4,(anonymous_7)
FNDA:1,(anonymous_8)
FNDA:6,(anonymous_9)
DA:14,1
DA:15,4
DA:19,0
DA:26,1
DA:27,4
DA:36,1
DA:37,4
DA:40,0
DA:52,1
DA:53,4
DA:61,1
DA:62,4
DA:70,1
DA:71,4
DA:77,1
DA:78,1
DA:85,1
DA:86,6
DA:88,5
DA:99,1
LF:20
LH:18
BRDA:16,0,0,4
BRDA:16,0,1,0
BRDA:56,1,0,4
BRDA:56,1,1,4
BRDA:64,2,0,4
BRDA:64,2,1,4
BRDA:90,3,0,1
BRDA:90,3,1,4
BRF:8
BRH:7
end_of_record
TN:
SF:src/Components/TopBarNavigation/TopBarNavigation.Hooks.tsx
FN:5,(anonymous_0)
FN:11,(anonymous_1)
FN:13,(anonymous_2)
FN:16,(anonymous_3)
FN:17,(anonymous_4)
FN:22,(anonymous_5)
FN:25,(anonymous_6)
FN:26,(anonymous_7)
FN:27,(anonymous_8)
FN:28,(anonymous_9)
FN:29,(anonymous_10)
FN:31,(anonymous_11)
FNF:12
FNH:9
FNDA:14,(anonymous_0)
FNDA:1,(anonymous_1)
FNDA:1,(anonymous_2)
FNDA:1,(anonymous_3)
FNDA:1,(anonymous_4)
FNDA:1,(anonymous_5)
FNDA:0,(anonymous_6)
FNDA:0,(anonymous_7)
FNDA:0,(anonymous_8)
FNDA:2,(anonymous_9)
FNDA:2,(anonymous_10)
FNDA:12,(anonymous_11)
DA:5,2
DA:6,14
DA:11,13
DA:12,1
DA:13,1
DA:16,13
DA:17,1
DA:22,1
DA:25,13
DA:26,13
DA:27,13
DA:28,13
DA:29,2
DA:31,13
DA:32,12
DA:35,13
LF:16
LH:16
BRF:0
BRH:0
end_of_record
TN:
SF:src/Components/TopBarNavigation/TopBarNavigation.Styles.tsx
FNF:0
FNH:0
DA:9,1
LF:1
LH:1
BRF:0
BRH:0
end_of_record
TN:
SF:src/Components/TopBarNavigation/SearchingBar/SearchingBar.Component.Styles.tsx
FNF:0
FNH:0
DA:6,3
LF:1
LH:1
BRF:0
BRH:0
end_of_record
TN:
SF:src/Components/TopBarNavigation/SearchingBar/SearchingBar.Component.tsx
FN:11,(anonymous_0)
FN:17,(anonymous_1)
FN:23,(anonymous_2)
FN:37,(anonymous_3)
FN:62,(anonymous_4)
FN:75,(anonymous_5)
FNF:6
FNH:6
FNDA:4,(anonymous_0)
FNDA:1,(anonymous_1)
FNDA:6,(anonymous_2)
FNDA:4,(anonymous_3)
FNDA:6,(anonymous_4)
FNDA:6,(anonymous_5)
DA:11,3
DA:12,4
DA:17,1
DA:23,3
DA:24,6
DA:37,3
DA:38,4
DA:62,3
DA:63,6
DA:75,3
DA:76,6
LF:11
LH:11
BRF:0
BRH:0
end_of_record
TN:
SF:src/Constants/Constants.ts
FNF:0
FNH:0
DA:1,6
DA:20,6
DA:26,6
DA:31,6
LF:4
LH:4
BRF:0
BRH:0
end_of_record
TN:
SF:src/Containers/ChatList/ChatList.Utils.tsx
FN:14,(anonymous_0)
FN:21,(anonymous_1)
FN:30,(anonymous_2)
FN:43,(anonymous_3)
FNF:4
FNH:4
FNDA:302,(anonymous_0)
FNDA:301,(anonymous_1)
FNDA:1,(anonymous_2)
FNDA:2,(anonymous_3)
DA:14,1
DA:15,302
DA:16,302
DA:18,302
DA:21,301
DA:30,1
DA:31,1
DA:33,1
DA:43,1
DA:44,2
DA:46,2
DA:47,300
DA:50,2
LF:13
LH:13
BRDA:31,0,0,0
BRDA:31,0,1,1
BRF:2
BRH:1
end_of_record
TN:
SF:src/Containers/ChatRoom/Header/Header.Component.Styles.tsx
FNF:0
FNH:0
DA:10,1
LF:1
LH:1
BRF:0
BRH:0
end_of_record
TN:
SF:src/Containers/ChatRoom/Header/Header.Component.tsx
FN:15,(anonymous_0)
FN:16,(anonymous_1)
FN:30,(anonymous_2)
FN:31,(anonymous_3)
FN:45,(anonymous_4)
FN:58,(anonymous_5)
FN:80,(anonymous_6)
FN:94,(anonymous_7)
FNF:8
FNH:6
FNDA:1,(anonymous_0)
FNDA:0,(anonymous_1)
FNDA:1,(anonymous_2)
FNDA:0,(anonymous_3)
FNDA:1,(anonymous_4)
FNDA:1,(anonymous_5)
FNDA:1,(anonymous_6)
FNDA:1,(anonymous_7)
DA:15,1
DA:16,1
DA:30,1
DA:31,1
DA:45,1
DA:46,1
DA:58,1
DA:62,1
DA:64,1
DA:80,1
DA:81,1
DA:94,1
DA:98,1
LF:13
LH:13
BRF:0
BRH:0
end_of_record
TN:
SF:src/Redux/Slice/Notes/Notes.slice.ts
FN:22,(anonymous_0)
FN:25,(anonymous_1)
FN:27,(anonymous_2)
FN:33,(anonymous_3)
FN:35,(anonymous_4)
FNF:5
FNH:5
FNDA:1,(anonymous_0)
FNDA:1,(anonymous_1)
FNDA:1,(anonymous_2)
FNDA:1,(anonymous_3)
FNDA:2,(anonymous_4)
DA:14,1
DA:18,1
DA:23,1
DA:26,1
DA:27,1
DA:28,1
DA:29,1
DA:30,1
DA:34,1
DA:35,2
DA:40,1
LF:11
LH:11
BRDA:28,0,0,1
BRDA:28,0,1,0
BRF:2
BRH:1
end_of_record
TN:
SF:src/Service/Question.Service.tsx
FN:10,(anonymous_0)
FN:17,(anonymous_1)
FN:43,(anonymous_2)
FNF:3
FNH:3
FNDA:9,(anonymous_0)
FNDA:2,(anonymous_1)
FNDA:3,(anonymous_2)
DA:8,1
DA:10,1
DA:11,9
DA:12,9
DA:14,9
DA:17,1
DA:18,2
DA:20,2
DA:21,4
DA:29,4
DA:37,4
DA:40,2
DA:43,1
DA:46,3
DA:47,3
DA:48,3
DA:49,1
DA:50,1
DA:52,2
DA:53,2
LF:20
LH:20
BRF:0
BRH:0
end_of_record
TN:
SF:src/Utils/platform.utils.ts
FN:5,(anonymous_0)
FN:6,(anonymous_1)
FN:7,(anonymous_2)
FNF:3
FNH:1
FNDA:0,(anonymous_0)
FNDA:0,(anonymous_1)
FNDA:6,(anonymous_2)
DA:5,6
DA:6,6
DA:7,6
LF:3
LH:3
BRF:0
BRH:0
end_of_record
TN:
SF:src/Utils/Size/size.utils.ts
FN:21,(anonymous_0)
FN:26,(anonymous_1)
FN:29,(anonymous_2)
FN:32,(anonymous_3)
FN:35,(anonymous_4)
FNF:5
FNH:5
FNDA:7,(anonymous_0)
FNDA:71,(anonymous_1)
FNDA:12,(anonymous_2)
FNDA:17,(anonymous_3)
FNDA:1,(anonymous_4)
DA:6,7
DA:8,7
DA:15,7
DA:20,7
DA:21,7
DA:22,7
DA:26,71
DA:29,12
DA:32,17
DA:35,7
LF:10
LH:10
BRDA:26,0,0,1
BRDA:26,0,1,70
BRDA:29,1,0,1
BRDA:29,1,1,11
BRDA:32,2,0,1
BRDA:32,2,1,16
BRF:6
BRH:6
end_of_record
